%!Adobe-FontList 1.20
%Locale:0x409

%BeginFont
Handler:DirectoryHandler
FontType:TrueType
FontName:IBMPlexMono-Bold
FamilyName:IBM Plex Mono
StyleName:Bold
FullName:IBM Plex Mono Bold
MenuName:IBM Plex Mono
StyleBits:2
WritingScript:Roman
OutlineFileName:D:\! Musterii Marija 2020\METAMORFOZIS\Metamorfozis web\Metamorfozis - WEB-ODBRAN-Za Dejan Folder\Document fonts\IBMPlexMono-Bold.ttf
DataFormat:sfntData
hasSVG:no
VariableFontType:NonVariableFont
FileLength:112548
FileModTime:1520812800
WeightClass:700
WidthClass:5
AngleClass:0
NameArray:0,Win,1,IBM Plex Mono
%EndFont

%BeginFont
Handler:DirectoryHandler
FontType:TrueType
FontName:IBMPlexMono-Medium
FamilyName:IBM Plex Mono
StyleName:Medium
FullName:IBM Plex Mono Medium
MenuName:IBM Plex Mono Medium
StyleBits:0
WritingScript:Roman
OutlineFileName:D:\! Musterii Marija 2020\METAMORFOZIS\Metamorfozis web\Metamorfozis - WEB-ODBRAN-Za Dejan Folder\Document fonts\IBMPlexMono-Medium.ttf
DataFormat:sfntData
hasSVG:no
VariableFontType:NonVariableFont
FileLength:111532
FileModTime:1520812800
WeightClass:500
WidthClass:5
AngleClass:0
NameArray:0,Win,1,IBM Plex Mono Medium
NameArray:0,Win,16,IBM Plex Mono
%EndFont

%BeginFont
Handler:DirectoryHandler
FontType:TrueType
FontName:IBMPlexMono
FamilyName:IBM Plex Mono
StyleName:Regular
FullName:IBM Plex Mono
MenuName:IBM Plex Mono
StyleBits:0
WritingScript:Roman
OutlineFileName:D:\! Musterii Marija 2020\METAMORFOZIS\Metamorfozis web\Metamorfozis - WEB-ODBRAN-Za Dejan Folder\Document fonts\IBMPlexMono-Regular.ttf
DataFormat:sfntData
hasSVG:no
VariableFontType:NonVariableFont
FileLength:110308
FileModTime:1520812800
WeightClass:400
WidthClass:5
AngleClass:0
NameArray:0,Win,1,IBM Plex Mono
%EndFont

%BeginFont
Handler:DirectoryHandler
FontType:TrueType
FontName:IBMPlexMono-SemiBold
FamilyName:IBM Plex Mono
StyleName:SemiBold
FullName:IBM Plex Mono SemiBold
MenuName:IBM Plex Mono SemiBold
StyleBits:0
WritingScript:Roman
OutlineFileName:D:\! Musterii Marija 2020\METAMORFOZIS\Metamorfozis web\Metamorfozis - WEB-ODBRAN-Za Dejan Folder\Document fonts\IBMPlexMono-SemiBold.ttf
DataFormat:sfntData
hasSVG:no
VariableFontType:NonVariableFont
FileLength:115000
FileModTime:1520812800
WeightClass:600
WidthClass:5
AngleClass:0
NameArray:0,Win,1,IBM Plex Mono SemiBold
NameArray:0,Win,16,IBM Plex Mono
%EndFont

